<?xml version="1.0" encoding="UTF-8"?>
<!-- Generated by org.testng.reporters.JUnitXMLReporter -->
<testsuite ignored="0" hostname="C02YQGKGLVCF" failures="2" tests="2" name="automation-tests" time="99.341" errors="0" timestamp="2020-02-18T20:01:26 IST">
  <testcase classname="runner.CucumberRunnerUtil" name="feature" time="56.945">
    <failure type="cucumber.runtime.CucumberException" message="java.lang.AssertionError: Login Sucessfull did not expect to find [true] but found [false]">
      <![CDATA[cucumber.runtime.CucumberException: java.lang.AssertionError: Login Sucessfull did not expect to find [true] but found [false]
at cucumber.api.testng.TestNGCucumberRunner.runCucumber(TestNGCucumberRunner.java:69)
at runner.CucumberRunnerUtil.feature(CucumberRunnerUtil.java:84)
at java.base/java.util.ArrayList.forEach(ArrayList.java:1540)
Caused by: java.lang.AssertionError: Login Sucessfull did not expect to find [true] but found [false]
at page.actions.loginPage.loginToSFDCapp(loginPage.java:36)
at steps.AppiumScenario.i_open_the_application(AppiumScenario.java:16)
at ✽.Given "TMUser" logs into the application(Appium.feature:8)
... Removed 30 stack frames]]>
    </failure>
  </testcase> <!-- feature -->
  <testcase classname="runner.CucumberRunnerUtil" name="feature" time="40.758">
    <failure type="cucumber.runtime.CucumberException" message="java.lang.AssertionError: Login Sucessfull did not expect to find [true] but found [false]">
      <![CDATA[cucumber.runtime.CucumberException: java.lang.AssertionError: Login Sucessfull did not expect to find [true] but found [false]
at cucumber.api.testng.TestNGCucumberRunner.runCucumber(TestNGCucumberRunner.java:69)
at runner.CucumberRunnerUtil.feature(CucumberRunnerUtil.java:84)
at java.base/java.util.ArrayList.forEach(ArrayList.java:1540)
Caused by: java.lang.AssertionError: Login Sucessfull did not expect to find [true] but found [false]
at page.actions.loginPage.loginToSFDCapp(loginPage.java:36)
at steps.AppiumScenario.i_open_the_application(AppiumScenario.java:16)
at ✽.Given "TMUser" logs into the application(secoundFeature.feature:7)
... Removed 30 stack frames]]>
    </failure>
  </testcase> <!-- feature -->
</testsuite> <!-- automation-tests -->
